# JRE version: Java(TM) SE Runtime Environment (17.0.1+12) (build 17.0.1+12-LTS-39)
# Java VM: Java HotSpot(TM) 64-Bit Server VM (17.0.1+12-LTS-39, mixed mode, sharing, tiered, compressed oops, compressed class ptrs, g1 gc, windows-amd64)
GC Precious Log:
 CPUs: 24 total, 24 available
 Memory: 32693M
 Large Page Support: Disabled
 NUMA Support: Disabled
 Compressed Oops: Enabled (Zero based)
 Heap Region Size: 4M
 Heap Min Capacity: 8M
 Heap Initial Capacity: 512M
 Heap Max Capacity: 8176M
 Pre-touch: Disabled
 Parallel Workers: 18
 Concurrent Workers: 5
 Concurrent Refinement Workers: 18
 Periodic GC: Disabled
Heap:
 garbage-first heap   total 466944K, used 355972K [0x0000000601000000, 0x0000000800000000)
  region size 4096K, 73 young (299008K), 9 survivors (36864K)
 Metaspace       used 48488K, committed 49408K, reserved 1097728K
  class space    used 6848K, committed 7232K, reserved 1048576K
GC Heap History (20 events):
Event: 2.341 GC heap after
{Heap after GC invocations=9 (full 0):
 garbage-first heap   total 196608K, used 53731K [0x0000000601000000, 0x0000000800000000)
  region size 4096K, 1 young (4096K), 1 survivors (4096K)
 Metaspace       used 25759K, committed 26496K, reserved 1073152K
  class space    used 3120K, committed 3456K, reserved 1048576K
}
Event: 2.465 GC heap before
{Heap before GC invocations=9 (full 0):
 garbage-first heap   total 196608K, used 143843K [0x0000000601000000, 0x0000000800000000)
  region size 4096K, 23 young (94208K), 1 survivors (4096K)
 Metaspace       used 26830K, committed 27648K, reserved 1081344K
  class space    used 3246K, committed 3584K, reserved 1048576K
}
Event: 2.467 GC heap after
{Heap after GC invocations=10 (full 0):
 garbage-first heap   total 196608K, used 54181K [0x0000000601000000, 0x0000000800000000)
  region size 4096K, 1 young (4096K), 1 survivors (4096K)
 Metaspace       used 26830K, committed 27648K, reserved 1081344K
  class space    used 3246K, committed 3584K, reserved 1048576K
}
Event: 2.517 GC heap before
{Heap before GC invocations=10 (full 0):
 garbage-first heap   total 196608K, used 148389K [0x0000000601000000, 0x0000000800000000)
  region size 4096K, 24 young (98304K), 1 survivors (4096K)
 Metaspace       used 26842K, committed 27648K, reserved 1081344K
  class space    used 3248K, committed 3584K, reserved 1048576K
}
Event: 2.519 GC heap after
{Heap after GC invocations=11 (full 0):
 garbage-first heap   total 471040K, used 55032K [0x0000000601000000, 0x0000000800000000)
  region size 4096K, 1 young (4096K), 1 survivors (4096K)
 Metaspace       used 26842K, committed 27648K, reserved 1081344K
  class space    used 3248K, committed 3584K, reserved 1048576K
}
Event: 2.772 GC heap before
{Heap before GC invocations=11 (full 0):
 garbage-first heap   total 471040K, used 333560K [0x0000000601000000, 0x0000000800000000)
  region size 4096K, 69 young (282624K), 1 survivors (4096K)
 Metaspace       used 26887K, committed 27648K, reserved 1081344K
  class space    used 3252K, committed 3584K, reserved 1048576K
}
Event: 2.774 GC heap after
{Heap after GC invocations=12 (full 0):
 garbage-first heap   total 471040K, used 55920K [0x0000000601000000, 0x0000000800000000)
  region size 4096K, 1 young (4096K), 1 survivors (4096K)
 Metaspace       used 26887K, committed 27648K, reserved 1081344K
  class space    used 3252K, committed 3584K, reserved 1048576K
}
Event: 3.115 GC heap before
{Heap before GC invocations=12 (full 0):
 garbage-first heap   total 471040K, used 334448K [0x0000000601000000, 0x0000000800000000)
  region size 4096K, 69 young (282624K), 1 survivors (4096K)
 Metaspace       used 30703K, committed 31552K, reserved 1081344K
  class space    used 3673K, committed 4032K, reserved 1048576K
}
Event: 3.118 GC heap after
{Heap after GC invocations=13 (full 0):
 garbage-first heap   total 471040K, used 59800K [0x0000000601000000, 0x0000000800000000)
  region size 4096K, 2 young (8192K), 2 survivors (8192K)
 Metaspace       used 30703K, committed 31552K, reserved 1081344K
  class space    used 3673K, committed 4032K, reserved 1048576K
}
Event: 3.447 GC heap before
{Heap before GC invocations=13 (full 0):
 garbage-first heap   total 471040K, used 211352K [0x0000000601000000, 0x0000000800000000)
  region size 4096K, 40 young (163840K), 2 survivors (8192K)
 Metaspace       used 35275K, committed 36160K, reserved 1081344K
  class space    used 4518K, committed 4928K, reserved 1048576K
}
Event: 3.449 GC heap after
{Heap after GC invocations=14 (full 0):
 garbage-first heap   total 471040K, used 61230K [0x0000000601000000, 0x0000000800000000)
  region size 4096K, 3 young (12288K), 3 survivors (12288K)
 Metaspace       used 35275K, committed 36160K, reserved 1081344K
  class space    used 4518K, committed 4928K, reserved 1048576K
}
Event: 3.807 GC heap before
{Heap before GC invocations=15 (full 0):
 garbage-first heap   total 233472K, used 188206K [0x0000000601000000, 0x0000000800000000)
  region size 4096K, 34 young (139264K), 3 survivors (12288K)
 Metaspace       used 38477K, committed 39360K, reserved 1089536K
  class space    used 4988K, committed 5376K, reserved 1048576K
}
Event: 3.816 GC heap after
{Heap after GC invocations=16 (full 0):
 garbage-first heap   total 233472K, used 72652K [0x0000000601000000, 0x0000000800000000)
  region size 4096K, 5 young (20480K), 5 survivors (20480K)
 Metaspace       used 38477K, committed 39360K, reserved 1089536K
  class space    used 4988K, committed 5376K, reserved 1048576K
}
Event: 3.842 GC heap before
{Heap before GC invocations=16 (full 0):
 garbage-first heap   total 233472K, used 76748K [0x0000000601000000, 0x0000000800000000)
  region size 4096K, 6 young (24576K), 5 survivors (20480K)
 Metaspace       used 38639K, committed 39488K, reserved 1089536K
  class space    used 5003K, committed 5376K, reserved 1048576K
}
Event: 3.850 GC heap after
{Heap after GC invocations=17 (full 0):
 garbage-first heap   total 233472K, used 74890K [0x0000000601000000, 0x0000000800000000)
  region size 4096K, 1 young (4096K), 1 survivors (4096K)
 Metaspace       used 38639K, committed 39488K, reserved 1089536K
  class space    used 5003K, committed 5376K, reserved 1048576K
}
Event: 3.991 GC heap before
{Heap before GC invocations=17 (full 0):
 garbage-first heap   total 233472K, used 185482K [0x0000000601000000, 0x0000000800000000)
  region size 4096K, 28 young (114688K), 1 survivors (4096K)
 Metaspace       used 39045K, committed 39936K, reserved 1089536K
  class space    used 5069K, committed 5440K, reserved 1048576K
}
Event: 3.998 GC heap after
{Heap after GC invocations=18 (full 0):
 garbage-first heap   total 233472K, used 83677K [0x0000000601000000, 0x0000000800000000)
  region size 4096K, 3 young (12288K), 3 survivors (12288K)
 Metaspace       used 39045K, committed 39936K, reserved 1089536K
  class space    used 5069K, committed 5440K, reserved 1048576K
}
Event: 4.116 GC heap before
{Heap before GC invocations=18 (full 0):
 garbage-first heap   total 233472K, used 181981K [0x0000000601000000, 0x0000000800000000)
  region size 4096K, 27 young (110592K), 3 survivors (12288K)
 Metaspace       used 39654K, committed 40640K, reserved 1089536K
  class space    used 5152K, committed 5568K, reserved 1048576K
}
Event: 4.125 GC heap after
{Heap after GC invocations=19 (full 0):
 garbage-first heap   total 466944K, used 93828K [0x0000000601000000, 0x0000000800000000)
  region size 4096K, 3 young (12288K), 3 survivors (12288K)
 Metaspace       used 39654K, committed 40640K, reserved 1089536K
  class space    used 5152K, committed 5568K, reserved 1048576K
}
Event: 4.820 GC heap before
{Heap before GC invocations=19 (full 0):
 garbage-first heap   total 466944K, used 355972K [0x0000000601000000, 0x0000000800000000)
  region size 4096K, 67 young (274432K), 3 survivors (12288K)
 Metaspace       used 48488K, committed 49408K, reserved 1097728K
  class space    used 6848K, committed 7232K, reserved 1048576K
}

